<?xml version="1.0" encoding="UTF-8"?>
<!-- Generated by org.testng.reporters.JUnitXMLReporter -->
<testsuite hostname="DESKTOP-1AV732R" ignored="0" name="Zuru StoreTest Cases" tests="4" failures="0" timestamp="24 Jun 2019 11:59:05 GMT" time="78.419" errors="0">
  <testcase name="loginPageTitileTest" time="0.009" classname="com.zurustore.qa.testcases.LoginPageTest"/>
  <testcase name="HomePageTitileTest" time="16.291" classname="com.zurustore.qa.testcases.HomePageTest"/>
  <testcase name="VerifyUploadProjectTextTest" time="15.952" classname="com.zurustore.qa.testcases.UploadProjectPageTest"/>
  <testcase name="loginTest" time="0.552" classname="com.zurustore.qa.testcases.LoginPageTest"/>
</testsuite> <!-- Zuru StoreTest Cases -->
